<?xml version="1.0" encoding="UTF-8"?>
<coverage generated="1768944577872" clover="3.2.0">
  <project timestamp="1768944577872" name="All files">
    <metrics statements="16" coveredstatements="10" conditionals="12" coveredconditionals="6" methods="4" coveredmethods="2" elements="32" coveredelements="18" complexity="0" loc="16" ncloc="16" packages="1" files="2" classes="2"/>
    <file name="data.js" path="/home/laura/BOOTCAMP/Modulos/practicas_LGS/2_e-commerce_front_with_JS/js/data.js">
      <metrics statements="1" coveredstatements="1" conditionals="0" coveredconditionals="0" methods="0" coveredmethods="0"/>
      <line num="1" count="1" type="stmt"/>
    </file>
    <file name="logic.js" path="/home/laura/BOOTCAMP/Modulos/practicas_LGS/2_e-commerce_front_with_JS/js/logic.js">
      <metrics statements="15" coveredstatements="9" conditionals="12" coveredconditionals="6" methods="4" coveredmethods="2"/>
      <line num="2" count="0" type="cond" truecount="0" falsecount="2"/>
      <line num="3" count="0" type="stmt"/>
      <line num="9" count="0" type="stmt"/>
      <line num="11" count="0" type="stmt"/>
      <line num="13" count="0" type="cond" truecount="0" falsecount="4"/>
      <line num="19" count="0" type="stmt"/>
      <line num="24" count="12" type="cond" truecount="4" falsecount="0"/>
      <line num="25" count="2" type="stmt"/>
      <line num="29" count="10" type="stmt"/>
      <line num="32" count="10" type="stmt"/>
      <line num="33" count="54" type="stmt"/>
      <line num="36" count="10" type="cond" truecount="2" falsecount="0"/>
      <line num="37" count="3" type="stmt"/>
      <line num="41" count="7" type="stmt"/>
      <line num="44" count="7" type="stmt"/>
    </file>
  </project>
</coverage>
