{"/home/laura/BOOTCAMP/Modulos/practicas_LGS/2_e-commerce_front_with_JS/js/data.js": {"path":"/home/laura/BOOTCAMP/Modulos/practicas_LGS/2_e-commerce_front_with_JS/js/data.js","statementMap":{"0":{"start":{"line":1,"column":18},"end":{"line":164,"column":1}}},"fnMap":{},"branchMap":{},"s":{"0":1},"f":{},"b":{},"inputSourceMap":null,"_coverageSchema":"1a1c01bbd47fc00a2c39e90264f33305004495a9","hash":"00f393f50e8d461e675d3c3b30e11e53be7eb778"}
,"/home/laura/BOOTCAMP/Modulos/practicas_LGS/2_e-commerce_front_with_JS/js/logic.js": {"path":"/home/laura/BOOTCAMP/Modulos/practicas_LGS/2_e-commerce_front_with_JS/js/logic.js","statementMap":{"0":{"start":{"line":2,"column":2},"end":{"line":4,"column":3}},"1":{"start":{"line":3,"column":4},"end":{"line":3,"column":37}},"2":{"start":{"line":9,"column":19},"end":{"line":9,"column":52}},"3":{"start":{"line":11,"column":23},"end":{"line":17,"column":3}},"4":{"start":{"line":13,"column":6},"end":{"line":16,"column":47}},"5":{"start":{"line":19,"column":2},"end":{"line":19,"column":24}},"6":{"start":{"line":24,"column":2},"end":{"line":26,"column":3}},"7":{"start":{"line":25,"column":4},"end":{"line":25,"column":44}},"8":{"start":{"line":29,"column":24},"end":{"line":29,"column":43}},"9":{"start":{"line":32,"column":25},"end":{"line":34,"column":3}},"10":{"start":{"line":33,"column":18},"end":{"line":33,"column":43}},"11":{"start":{"line":36,"column":2},"end":{"line":38,"column":3}},"12":{"start":{"line":37,"column":4},"end":{"line":37,"column":66}},"13":{"start":{"line":41,"column":2},"end":{"line":42,"column":45}},"14":{"start":{"line":44,"column":2},"end":{"line":44,"column":23}}},"fnMap":{"0":{"name":"filtrar_producto","decl":{"start":{"line":1,"column":9},"end":{"line":1,"column":25}},"loc":{"start":{"line":1,"column":56},"end":{"line":20,"column":1}},"line":1},"1":{"name":"(anonymous_1)","decl":{"start":{"line":12,"column":4},"end":{"line":12,"column":5}},"loc":{"start":{"line":13,"column":6},"end":{"line":16,"column":47}},"line":13},"2":{"name":"destacar","decl":{"start":{"line":22,"column":9},"end":{"line":22,"column":17}},"loc":{"start":{"line":22,"column":44},"end":{"line":45,"column":1}},"line":22},"3":{"name":"(anonymous_3)","decl":{"start":{"line":33,"column":4},"end":{"line":33,"column":5}},"loc":{"start":{"line":33,"column":18},"end":{"line":33,"column":43}},"line":33}},"branchMap":{"0":{"loc":{"start":{"line":2,"column":2},"end":{"line":4,"column":3}},"type":"if","locations":[{"start":{"line":2,"column":2},"end":{"line":4,"column":3}},{"start":{},"end":{}}],"line":2},"1":{"loc":{"start":{"line":13,"column":6},"end":{"line":16,"column":47}},"type":"binary-expr","locations":[{"start":{"line":13,"column":7},"end":{"line":13,"column":55}},{"start":{"line":14,"column":8},"end":{"line":14,"column":59}},{"start":{"line":15,"column":6},"end":{"line":15,"column":47}},{"start":{"line":16,"column":6},"end":{"line":16,"column":47}}],"line":13},"2":{"loc":{"start":{"line":24,"column":2},"end":{"line":26,"column":3}},"type":"if","locations":[{"start":{"line":24,"column":2},"end":{"line":26,"column":3}},{"start":{},"end":{}}],"line":24},"3":{"loc":{"start":{"line":24,"column":6},"end":{"line":24,"column":34}},"type":"binary-expr","locations":[{"start":{"line":24,"column":6},"end":{"line":24,"column":15}},{"start":{"line":24,"column":19},"end":{"line":24,"column":34}}],"line":24},"4":{"loc":{"start":{"line":36,"column":2},"end":{"line":38,"column":3}},"type":"if","locations":[{"start":{"line":36,"column":2},"end":{"line":38,"column":3}},{"start":{},"end":{}}],"line":36}},"s":{"0":0,"1":0,"2":0,"3":0,"4":0,"5":0,"6":1,"7":0,"8":1,"9":1,"10":3,"11":1,"12":0,"13":1,"14":1},"f":{"0":0,"1":0,"2":1,"3":3},"b":{"0":[0,0],"1":[0,0,0,0],"2":[0,1],"3":[1,1],"4":[0,1]},"inputSourceMap":null,"_coverageSchema":"1a1c01bbd47fc00a2c39e90264f33305004495a9","hash":"38ffde113c08264f974b1b4f0f06d0b8f37b6b74"}
}
