TN:
SF:js/data.js
FNF:0
FNH:0
DA:1,1
LF:1
LH:1
BRF:0
BRH:0
end_of_record
TN:
SF:js/logic.js
FN:1,filtrar_producto
FN:12,(anonymous_1)
FN:22,destacar
FN:33,(anonymous_3)
FNF:4
FNH:2
FNDA:0,filtrar_producto
FNDA:0,(anonymous_1)
FNDA:1,destacar
FNDA:3,(anonymous_3)
DA:2,0
DA:3,0
DA:9,0
DA:11,0
DA:13,0
DA:19,0
DA:24,1
DA:25,0
DA:29,1
DA:32,1
DA:33,3
DA:36,1
DA:37,0
DA:41,1
DA:44,1
LF:15
LH:7
BRDA:2,0,0,0
BRDA:2,0,1,0
BRDA:13,1,0,0
BRDA:13,1,1,0
BRDA:13,1,2,0
BRDA:13,1,3,0
BRDA:24,2,0,0
BRDA:24,2,1,1
BRDA:24,3,0,1
BRDA:24,3,1,1
BRDA:36,4,0,0
BRDA:36,4,1,1
BRF:12
BRH:4
end_of_record
